[2019-12-18 01:50:00] text error: Page not found | file error: /home/mendax/public/mvc-fp/html/public/index.phpline error: 8 
 ==================================== 
[2019-12-18 01:50:23] text error: Page not found | file error: /home/mendax/public/mvc-fp/html/public/index.php | line error: 8 
 ==================================== 
[2019-12-18 03:02:02] text error: Page not Found | file error: /home/mendax/public/mvc-fp/html/vendor/framework/core/Router.php | line error: 27 
 ==================================== 
[2019-12-18 03:10:11] text error: Controller src\controllers\root\PageController not found | file error: /home/mendax/public/mvc-fp/html/vendor/framework/core/Router.php | line error: 31 
 ==================================== 
[2019-12-18 03:11:13] text error: Controller src\controllers\IndexController not found | file error: /home/mendax/public/mvc-fp/html/vendor/framework/core/Router.php | line error: 31 
 ==================================== 
[2019-12-18 03:11:15] text error: Controller src\controllers\IndexController not found | file error: /home/mendax/public/mvc-fp/html/vendor/framework/core/Router.php | line error: 31 
 ==================================== 
[2019-12-18 03:11:28] text error: Controller src\controllers\IndexController not found | file error: /home/mendax/public/mvc-fp/html/vendor/framework/core/Router.php | line error: 32 
 ==================================== 
[2019-12-18 03:11:46] text error: Controller \src\controllers\IndexController not found | file error: /home/mendax/public/mvc-fp/html/vendor/framework/core/Router.php | line error: 32 
 ==================================== 
[2019-12-18 03:18:53] text error: Action src\controllers\IndexController::index not found | file error: /home/mendax/public/mvc-fp/html/vendor/framework/core/Router.php | line error: 34 
 ==================================== 
[2019-12-18 03:19:12] text error: Action src\controllers\IndexController::index not found | file error: /home/mendax/public/mvc-fp/html/vendor/framework/core/Router.php | line error: 32 
 ==================================== 
[2019-12-18 04:10:14] text error: Page not Found | file error: /home/mendax/public/mvc-fp/html/vendor/framework/core/Router.php | line error: 40 
 ==================================== 
[2019-12-18 04:10:25] text error: Page not Found | file error: /home/mendax/public/mvc-fp/html/vendor/framework/core/Router.php | line error: 40 
 ==================================== 
